c:\users\torll\documents\visual studio 2017\projects\projekt2\projekt2\release\vc140.pdb
c:\users\torll\documents\visual studio 2017\projects\projekt2\projekt2\release\titlescreen.obj
c:\users\torll\documents\visual studio 2017\projects\projekt2\projekt2\release\sprite.obj
c:\users\torll\documents\visual studio 2017\projects\projekt2\projekt2\release\soundplayer.obj
c:\users\torll\documents\visual studio 2017\projects\projekt2\projekt2\release\pallet.obj
c:\users\torll\documents\visual studio 2017\projects\projekt2\projekt2\release\numbers.obj
c:\users\torll\documents\visual studio 2017\projects\projekt2\projekt2\release\main.obj
c:\users\torll\documents\visual studio 2017\projects\projekt2\projekt2\release\engine.obj
c:\users\torll\documents\visual studio 2017\projects\projekt2\projekt2\release\collisionchecker.obj
c:\users\torll\documents\visual studio 2017\projects\projekt2\projekt2\release\ball.obj
c:\users\torll\documents\visual studio 2017\projects\projekt2\release\p0ng.exe
c:\users\torll\documents\visual studio 2017\projects\projekt2\release\p0ng.ipdb
c:\users\torll\documents\visual studio 2017\projects\projekt2\release\p0ng.iobj
c:\users\torll\documents\visual studio 2017\projects\projekt2\release\p0ng.pdb
c:\users\torll\documents\visual studio 2017\projects\projekt2\projekt2\release\vc141.pdb
c:\users\torll\documents\visual studio 2017\projects\projekt2\projekt2\release\p0ng.tlog\cl.command.1.tlog
c:\users\torll\documents\visual studio 2017\projects\projekt2\projekt2\release\p0ng.tlog\cl.read.1.tlog
c:\users\torll\documents\visual studio 2017\projects\projekt2\projekt2\release\p0ng.tlog\cl.write.1.tlog
c:\users\torll\documents\visual studio 2017\projects\projekt2\projekt2\release\p0ng.tlog\link.command.1.tlog
c:\users\torll\documents\visual studio 2017\projects\projekt2\projekt2\release\p0ng.tlog\link.read.1.tlog
c:\users\torll\documents\visual studio 2017\projects\projekt2\projekt2\release\p0ng.tlog\link.write.1.tlog
